Task Name: Mapping1_Mapping1
Agent Group Id: 025000000000002
Agent Group Name: Informatica Cloud Hosted Agent
Agent Id: 00800000000000N
04/04/2022 04:00:03 **** Importing Connection: Conn_01C0S80B000000000002 ...
04/04/2022 04:00:03 **** Importing Source Definition: Phones ...
04/04/2022 04:00:03 **** Importing Target Definition: Budget_Phones ...
04/04/2022 04:00:03 **** Importing SessionConfig: default_session_config ...
    <Warning> :  The Error Log DB Connection value should have Relational: as the prefix.
    <Warning> :  Invalid value  for attribute Error Log DB Connection. Will use the default value 
    Validating Source Definition  Phones...
    Validating Target Definition  Budget_Phones...
04/04/2022 04:00:03 **** Importing Mapping: Mapping0 ...
    <Warning> :  transformation: Source - Invalid value  for attribute Output is repeatable. Will use the default value Never    [transformation< Source > ] 
Validating transformations of mapping Mapping0...
Validating mapping variable(s).
04/04/2022 04:00:03 **** Importing Workflow: wf_mtt_01C0S80Z000000000002 ...
    <Warning> :  The value entered is not a valid integer.
    <Warning> :  Invalid value NO for attribute Fail task after wait time. Will use the default value 
Successfully extracted session instance [s_mtt_01C0S80Z000000000002].  Starting repository sequence id is [705391587]
DIRECTOR> VAR_27085 [2022-04-04 04:00:03.157] Parameter file [/data2/home/cldagnt/SystemAgent/apps/Data_Integration_Server/data/01C0S80E00000000005M/01C0S8/parameters/s_mtt_01C0S80Z000000000002.param] is opened for [session [wf_mtt_01C0S80Z000000000002.s_mtt_01C0S80Z000000000002]].
DIRECTOR> VAR_27062 [2022-04-04 04:00:03.157] Warning! Cannot find section for worklet [wf_mtt_01C0S80Z000000000002] and folder [] in parameter file [/data2/home/cldagnt/SystemAgent/apps/Data_Integration_Server/data/01C0S80E00000000005M/01C0S8/parameters/s_mtt_01C0S80Z000000000002.param].
DIRECTOR> TM_6014 [2022-04-04 04:00:03.158] Initializing session [s_mtt_01C0S80Z000000000002] at [Mon Apr 04 04:00:03 2022].
DIRECTOR> TM_6683 [2022-04-04 04:00:03.158] Repository Name: [XMLRepository]
DIRECTOR> TM_6684 [2022-04-04 04:00:03.158] Server Name: [rDTM]
DIRECTOR> TM_6686 [2022-04-04 04:00:03.158] Folder: []
DIRECTOR> TM_6685 [2022-04-04 04:00:03.158] Workflow: [wf_mtt_01C0S80Z000000000002] Run Instance Name: [] Run Id: [0]
DIRECTOR> TM_6992 [2022-04-04 04:00:03.158] Opearting System Type [Linux]
DIRECTOR> TM_6101 [2022-04-04 04:00:03.158] Mapping name: Mapping0.
DIRECTOR> TM_6964 [2022-04-04 04:00:03.158] Date format for the Session is [MM/DD/YYYY HH24:MI:SS.US]
DIRECTOR> TM_6703 [2022-04-04 04:00:03.158] Session [s_mtt_01C0S80Z000000000002] is run by 64-bit Integration Service  [], version [10.2.0 HotFix2], build [0320].
MANAGER> PETL_24091 [2022-04-04 04:00:03.169] Thread [MANAGER] has the ID [1].
MANAGER> PETL_24058 [2022-04-04 04:00:03.169] Running Partition Group [1].
MANAGER> PETL_24000 [2022-04-04 04:00:03.169] Parallel Pipeline Engine initializing.
MONITOR> PETL_24091 [2022-04-04 04:00:03.169] Thread [MONITOR] has the ID [2].
MANAGER> PETL_24001 [2022-04-04 04:00:03.169] Parallel Pipeline Engine running.
MANAGER> PETL_24003 [2022-04-04 04:00:03.169] Initializing session run.
MAPPING> PETL_24091 [2022-04-04 04:00:03.170] Thread [MAPPING] has the ID [3].
MAPPING> CMN_1569 [2022-04-04 04:00:03.172] Server Mode: [UNICODE]
MAPPING> CMN_1570 [2022-04-04 04:00:03.172] Server Code page: [ISO 8859-1 Western European]
MAPPING> TM_6151 [2022-04-04 04:00:03.172] The session sort order is [Binary].
MAPPING> TM_6185 [2022-04-04 04:00:03.172] Warning. Code page validation is disabled in this session.
MAPPING> CMN_65109 [2022-04-04 04:00:03.172] Current Timezone:[UTC +0:0]
MAPPING> CMN_65111 [2022-04-04 04:00:03.172] Current Process ID:[31938]
MAPPING> TM_6155 [2022-04-04 04:00:03.172] Using HIGH precision processing.
MAPPING> TM_6180 [2022-04-04 04:00:03.172] Deadlock retry logic will not be implemented.
MAPPING> TM_6187 [2022-04-04 04:00:03.172] Session target-based commit interval is [10000].
MAPPING> TM_6307 [2022-04-04 04:00:03.172] DTM error log disabled. 
MAPPING> TE_7022 [2022-04-04 04:00:03.173] TShmWriter: Initialized
MAPPING> TM_6007 [2022-04-04 04:00:03.175] DTM initialized successfully for session [s_mtt_01C0S80Z000000000002]
DIRECTOR> PETL_24033 [2022-04-04 04:00:03.189] All DTM Connection Info: [<NONE>].
MANAGER> PETL_24004 [2022-04-04 04:00:03.190] Starting pre-session tasks. : (Mon Apr 04 04:00:03 2022)
PRE-SESS> PETL_24091 [2022-04-04 04:00:03.190] Thread [PRE-SESS] has the ID [4].
MANAGER> PETL_24027 [2022-04-04 04:00:03.191] Pre-session task completed successfully. : (Mon Apr 04 04:00:03 2022)
DIRECTOR> PETL_24006 [2022-04-04 04:00:03.191] Starting data movement.
MAPPING> TM_6660 [2022-04-04 04:00:03.192] Total Buffer Pool size is 3936640 bytes and Block size is 216480 bytes.
READER_1_1_1> PETL_24091 [2022-04-04 04:00:03.192] Thread [READER_1_1_1] has the ID [5].
READER_1_1_1> DBG_21438 [2022-04-04 04:00:03.193] Reader: Source is [odbc://dbtype=MySQL;host=remotemysql.com;port=3306;database=wOoJkjpNhU], Type [ODBC], User [wOoJkjpNhU]
READER_1_1_1> BLKR_16051 [2022-04-04 04:00:03.196] Source database connection [Conn_01C0S80B000000000002] code page: [MS Windows Latin 1 (ANSI), superset of Latin1]
READER_1_1_1> CMN_1021 [2022-04-04 04:00:03.196] Database driver event...
CMN_1021 [Driver Manager used is [UnixODBC 2.3.4].]

READER_1_1_1> CMN_1021 [2022-04-04 04:00:04.572] Database driver event...
CMN_1021 [ODBC Event Using array fetches.
ODBC Event Using Single Row Inserts. connect string = [Driver=MySQL ODBC 8.0 Unicode Driver;Server=remotemysql.com;Database=wOoJkjpNhU;Port=3306;USER=wOoJkjpNhU;NO_SSPS=1;stmt=set time_zone = '+00:00';OPTION=3;SSLMODE=DISABLED]. userid = [wOoJkjpNhU]
ODBC Version:	03.52
.
DBMS Name:	MySQL
.
DBMS Version:	8.0.13-4
.
Driver Name:	libmyodbc8w.so
.
Driver Version:	08.00.0012
.
Driver ODBC Version:	03.80
.
MySQL rewrite batch optimization is disabled with maximum bind parameter size set to 2500.]

READER_1_1_1> BLKR_16003 [2022-04-04 04:00:04.572] Initialization completed successfully.
TRANSF_1_1_1> PETL_24091 [2022-04-04 04:00:04.572] Thread [TRANSF_1_1_1] has the ID [6].
WRITER_1_*_1> PETL_24091 [2022-04-04 04:00:04.573] Thread [WRITER_1_*_1] has the ID [7].
WRITER_1_*_1> WRT_8147 [2022-04-04 04:00:04.573] Writer: Target is Database [odbc://dbtype=MySQL;host=remotemysql.com;port=3306;database=wOoJkjpNhU], Type [ODBC], User [wOoJkjpNhU], Bulk Mode [OFF]
WRITER_1_*_1> CMN_1021 [2022-04-04 04:00:04.574] Database driver event...
CMN_1021 [Driver Manager used is [UnixODBC 2.3.4].]

WRITER_1_*_1> CMN_1021 [2022-04-04 04:00:05.966] Database driver event...
CMN_1021 [ODBC Event Using array fetches.
ODBC Event Using Single Row Inserts. connect string = [Driver=MySQL ODBC 8.0 Unicode Driver;Server=remotemysql.com;Database=wOoJkjpNhU;Port=3306;USER=wOoJkjpNhU;NO_SSPS=1;stmt=set time_zone = '+00:00';OPTION=3;SSLMODE=DISABLED]. userid = [wOoJkjpNhU]
ODBC Version:	03.52
.
DBMS Name:	MySQL
.
DBMS Version:	8.0.13-4
.
Driver Name:	libmyodbc8w.so
.
Driver Version:	08.00.0012
.
Driver ODBC Version:	03.80
.
MySQL rewrite batch optimization is disabled with maximum bind parameter size set to 2500.]

WRITER_1_*_1> WRT_8221 [2022-04-04 04:00:06.274] Target database connection [Conn_01C0S80B000000000002] code page: [MS Windows Latin 1 (ANSI), superset of Latin1]
WRITER_1_*_1> WRT_8124 [2022-04-04 04:00:06.276] Target Table Budget_Phones :SQL INSERT statement:
INSERT INTO wOoJkjpNhU.Budget_Phones(Prod_ID,Prod_Name,Prod_Desc,Prod_Price)  VALUES ( ?, ?, ?, ?) 
WRITER_1_*_1> WRT_8020 [2022-04-04 04:00:06.276] No column marked as primary key for table [Budget_Phones]. UPDATEs Not Supported.
WRITER_1_*_1> WRT_8270 [2022-04-04 04:00:06.276] Target connection group #1 consists of target(s) [Budget_Phones]
WRITER_1_*_1> WRT_8003 [2022-04-04 04:00:06.276] Writer initialization complete.
READER_1_1_1> BLKR_16007 [2022-04-04 04:00:06.276] Reader run started.
WRITER_1_*_1> WRT_8005 [2022-04-04 04:00:06.276] Writer run started.
WRITER_1_*_1> WRT_8158 [2022-04-04 04:00:06.276] 

*****START LOAD SESSION*****

Load Start Time: Mon Apr 04 04:00:06 2022

Target tables:

     Budget_Phones


READER_1_1_1> RR_4010 [2022-04-04 04:00:06.276] SQ instance [Source] SQL Query [SELECT wOoJkjpNhU.Phones.Prod_ID, wOoJkjpNhU.Phones.Prod_Name, wOoJkjpNhU.Phones.Prod_Desc, wOoJkjpNhU.Phones.Prod_Price FROM wOoJkjpNhU.Phones]
READER_1_1_1> RR_4049 [2022-04-04 04:00:06.276] SQL Query issued to database : (Mon Apr 04 04:00:06 2022)
READER_1_1_1> RR_4050 [2022-04-04 04:00:06.431] First row returned from database to reader : (Mon Apr 04 04:00:06 2022)
READER_1_1_1> BLKR_16019 [2022-04-04 04:00:06.431] Read [100] rows, read [0] error rows for source table [Phones] instance name [Phones]
READER_1_1_1> BLKR_16008 [2022-04-04 04:00:06.431] Reader run completed.
TRANSF_1_1_1> DBG_21216 [2022-04-04 04:00:06.431] Finished transformations for Source Qualifier [Source]. Total errors [0] 
WRITER_1_*_1> WRT_8167 [2022-04-04 04:00:06.431] Start loading table [Budget_Phones] at: Mon Apr 04 04:00:06 2022
WRITER_1_*_1> WRT_8168 [2022-04-04 04:00:07.825] End loading table [Budget_Phones] at: Mon Apr 04 04:00:07 2022
WRITER_1_*_1> WRT_8141 [2022-04-04 04:00:07.983] 
Commit on end-of-data  Mon Apr 04 04:00:07 2022
===================================================

WRT_8036 Target: Budget_Phones (Instance Name: [Budget_Phones])
WRT_8038 Inserted rows - Requested: 9          Applied: 9          Rejected: 0          Affected: 9         

WRITER_1_*_1> WRT_8035 [2022-04-04 04:00:07.983] Load complete time: Mon Apr 04 04:00:07 2022

LOAD SUMMARY
============

WRT_8036 Target: Budget_Phones (Instance Name: [Budget_Phones])
WRT_8038 Inserted rows - Requested: 9          Applied: 9          Rejected: 0          Affected: 9         


WRITER_1_*_1> WRT_8043 [2022-04-04 04:00:07.983] *****END LOAD SESSION*****
WRITER_1_*_1> WRT_8006 [2022-04-04 04:00:08.140] Writer run completed.
MANAGER> PETL_24031 [2022-04-04 04:00:08.141] 
***** RUN INFO FOR TGT LOAD ORDER GROUP [1], CONCURRENT SET [1] *****
Thread [READER_1_1_1] created for [the read stage] of partition point [Source] has completed. The total run time was insufficient for any meaningful statistics.
Thread [TRANSF_1_1_1] created for [the transformation stage] of partition point [Source] has completed. The total run time was insufficient for any meaningful statistics.
Thread [WRITER_1_*_1] created for [the write stage] of partition point [Budget_Phones] has completed.
	Total Run Time = [1.708712] secs
	Total Idle Time = [0.000000] secs
	Busy Percentage = [100.000000]

MANAGER> PETL_24005 [2022-04-04 04:00:08.141] Starting post-session tasks. : (Mon Apr 04 04:00:08 2022)
POST-SESS> PETL_24091 [2022-04-04 04:00:08.142] Thread [POST-SESS] has the ID [8].
MANAGER> PETL_24029 [2022-04-04 04:00:08.142] Post-session task completed successfully. : (Mon Apr 04 04:00:08 2022)
MAPPING> TM_6018 [2022-04-04 04:00:08.142] The session completed with [0] row transformation errors. 
MANAGER> PETL_24002 [2022-04-04 04:00:08.176] Parallel Pipeline Engine finished.
DIRECTOR> PETL_24012 [2022-04-04 04:00:08.177] Session run completed successfully.
DIRECTOR> TM_6022 [2022-04-04 04:00:08.177] 

SESSION LOAD SUMMARY
================================================

DIRECTOR> TM_6252 [2022-04-04 04:00:08.177] Source Load Summary.
DIRECTOR> CMN_1740 [2022-04-04 04:00:08.177] Table: [Source] (Instance Name: [Source] Instance UI Name: [])
	 Output Rows [100], Affected Rows [100], Applied Rows [100], Rejected Rows [0]
DIRECTOR> TM_6253 [2022-04-04 04:00:08.177] Target Load Summary.
DIRECTOR> CMN_1740 [2022-04-04 04:00:08.177] Table: [Budget_Phones] (Instance Name: [Budget_Phones] Instance UI Name: [])
	 Output Rows [9], Affected Rows [9], Applied Rows [9], Rejected Rows [0]
DIRECTOR> TM_6023 [2022-04-04 04:00:08.177] 
===================================================

DIRECTOR> TM_6020 [2022-04-04 04:00:08.177] Session [s_mtt_01C0S80Z000000000002] completed at [Mon Apr 04 04:00:08 2022].
