Task Name: Mapping2_Mapping2
Agent Group Id: 025000000000002
Agent Group Name: Informatica Cloud Hosted Agent
Agent Id: 00800000000000N
04/04/2022 05:20:46 **** Importing Connection: Conn_01C0S80B000000000002 ...
04/04/2022 05:20:46 **** Importing Source Definition: Cars ...
04/04/2022 05:20:46 **** Importing Target Definition: Max_Car_Prices ...
04/04/2022 05:20:46 **** Importing Target Definition: Min_Car_Prices ...
04/04/2022 05:20:46 **** Importing SessionConfig: default_session_config ...
    <Warning> :  The Error Log DB Connection value should have Relational: as the prefix.
    <Warning> :  Invalid value  for attribute Error Log DB Connection. Will use the default value 
    Validating Source Definition  Cars...
    Validating Target Definition  Min_Car_Prices...
    Validating Target Definition  Max_Car_Prices...
04/04/2022 05:20:46 **** Importing Mapping: Mapping0 ...
    <Warning> :  transformation: Source - Invalid value  for attribute Output is repeatable. Will use the default value Never    [transformation< Source > ] 
Validating transformations of mapping Mapping0...
Validating mapping variable(s).
04/04/2022 05:20:46 **** Importing Workflow: wf_mtt_01C0S80Z000000000003 ...
    <Warning> :  The value entered is not a valid integer.
    <Warning> :  Invalid value NO for attribute Fail task after wait time. Will use the default value 
Successfully extracted session instance [s_mtt_01C0S80Z000000000003].  Starting repository sequence id is [736311394]
DIRECTOR> VAR_27085 [2022-04-04 05:20:46.573] Parameter file [/data2/home/cldagnt/SystemAgent/apps/Data_Integration_Server/data/01C0S80E00000000005P/01C0S8/parameters/s_mtt_01C0S80Z000000000003.param] is opened for [session [wf_mtt_01C0S80Z000000000003.s_mtt_01C0S80Z000000000003]].
DIRECTOR> VAR_27062 [2022-04-04 05:20:46.573] Warning! Cannot find section for worklet [wf_mtt_01C0S80Z000000000003] and folder [] in parameter file [/data2/home/cldagnt/SystemAgent/apps/Data_Integration_Server/data/01C0S80E00000000005P/01C0S8/parameters/s_mtt_01C0S80Z000000000003.param].
DIRECTOR> TM_6014 [2022-04-04 05:20:46.574] Initializing session [s_mtt_01C0S80Z000000000003] at [Mon Apr 04 05:20:46 2022].
DIRECTOR> TM_6683 [2022-04-04 05:20:46.574] Repository Name: [XMLRepository]
DIRECTOR> TM_6684 [2022-04-04 05:20:46.574] Server Name: [rDTM]
DIRECTOR> TM_6686 [2022-04-04 05:20:46.574] Folder: []
DIRECTOR> TM_6685 [2022-04-04 05:20:46.574] Workflow: [wf_mtt_01C0S80Z000000000003] Run Instance Name: [] Run Id: [0]
DIRECTOR> TM_6992 [2022-04-04 05:20:46.574] Opearting System Type [Linux]
DIRECTOR> TM_6101 [2022-04-04 05:20:46.574] Mapping name: Mapping0.
DIRECTOR> TM_6964 [2022-04-04 05:20:46.574] Date format for the Session is [MM/DD/YYYY HH24:MI:SS.US]
DIRECTOR> TM_6703 [2022-04-04 05:20:46.574] Session [s_mtt_01C0S80Z000000000003] is run by 64-bit Integration Service  [], version [10.2.0 HotFix2], build [0320].
MANAGER> PETL_24091 [2022-04-04 05:20:46.631] Thread [MANAGER] has the ID [1].
MANAGER> PETL_24058 [2022-04-04 05:20:46.631] Running Partition Group [1].
MANAGER> PETL_24000 [2022-04-04 05:20:46.631] Parallel Pipeline Engine initializing.
MONITOR> PETL_24091 [2022-04-04 05:20:46.642] Thread [MONITOR] has the ID [2].
MANAGER> PETL_24001 [2022-04-04 05:20:46.642] Parallel Pipeline Engine running.
MANAGER> PETL_24003 [2022-04-04 05:20:46.642] Initializing session run.
MAPPING> PETL_24091 [2022-04-04 05:20:46.653] Thread [MAPPING] has the ID [3].
MAPPING> CMN_1569 [2022-04-04 05:20:46.655] Server Mode: [UNICODE]
MAPPING> CMN_1570 [2022-04-04 05:20:46.655] Server Code page: [ISO 8859-1 Western European]
MAPPING> TM_6151 [2022-04-04 05:20:46.655] The session sort order is [Binary].
MAPPING> TM_6185 [2022-04-04 05:20:46.655] Warning. Code page validation is disabled in this session.
MAPPING> CMN_65109 [2022-04-04 05:20:46.655] Current Timezone:[UTC +0:0]
MAPPING> CMN_65111 [2022-04-04 05:20:46.655] Current Process ID:[9818]
MAPPING> TM_6155 [2022-04-04 05:20:46.655] Using HIGH precision processing.
MAPPING> TM_6180 [2022-04-04 05:20:46.655] Deadlock retry logic will not be implemented.
MAPPING> TM_6187 [2022-04-04 05:20:46.655] Session target-based commit interval is [10000].
MAPPING> TM_6307 [2022-04-04 05:20:46.655] DTM error log disabled. 
MAPPING> TE_7022 [2022-04-04 05:20:46.656] TShmWriter: Initialized
MAPPING> DBG_21694 [2022-04-04 05:20:46.658] Aggregator_max Partition [0]: Index cache size = [1000000], Data cache size = [2000000]
MAPPING> TE_7212 [2022-04-04 05:20:46.658] Increasing [Index Cache] size for transformation [Aggregator_max] from [1000000] to [3586048].
MAPPING> TE_7212 [2022-04-04 05:20:46.658] Increasing [Data Cache] size for transformation [Aggregator_max] from [2000000] to [2097216].
MAPPING> TE_7029 [2022-04-04 05:20:46.658] Aggregate Information: Creating New Index and Data Files
MAPPING> TE_7034 [2022-04-04 05:20:46.658] Aggregate Information: Index file is [/data2/home/cldagnt/SystemAgent/apps/Data_Integration_Server/data/01C0S80E00000000005P/01C0S8/cache/PMAGG736311434_5_0.idx]
MAPPING> TE_7035 [2022-04-04 05:20:46.658] Aggregate Information: Data file is [/data2/home/cldagnt/SystemAgent/apps/Data_Integration_Server/data/01C0S80E00000000005P/01C0S8/cache/PMAGG736311434_5_0.dat]
MAPPING> DBG_21694 [2022-04-04 05:20:46.658] Aggregator_min Partition [0]: Index cache size = [1000000], Data cache size = [2000000]
MAPPING> TE_7212 [2022-04-04 05:20:46.658] Increasing [Index Cache] size for transformation [Aggregator_min] from [1000000] to [3586048].
MAPPING> TE_7212 [2022-04-04 05:20:46.658] Increasing [Data Cache] size for transformation [Aggregator_min] from [2000000] to [2097216].
MAPPING> TE_7029 [2022-04-04 05:20:46.659] Aggregate Information: Creating New Index and Data Files
MAPPING> TE_7034 [2022-04-04 05:20:46.659] Aggregate Information: Index file is [/data2/home/cldagnt/SystemAgent/apps/Data_Integration_Server/data/01C0S80E00000000005P/01C0S8/cache/PMAGG736311434_6_0.idx]
MAPPING> TE_7035 [2022-04-04 05:20:46.659] Aggregate Information: Data file is [/data2/home/cldagnt/SystemAgent/apps/Data_Integration_Server/data/01C0S80E00000000005P/01C0S8/cache/PMAGG736311434_6_0.dat]
MAPPING> TM_6007 [2022-04-04 05:20:46.659] DTM initialized successfully for session [s_mtt_01C0S80Z000000000003]
DIRECTOR> PETL_24033 [2022-04-04 05:20:47.159] All DTM Connection Info: [<NONE>].
MANAGER> PETL_24004 [2022-04-04 05:20:47.159] Starting pre-session tasks. : (Mon Apr 04 05:20:47 2022)
PRE-SESS> PETL_24091 [2022-04-04 05:20:47.160] Thread [PRE-SESS] has the ID [4].
MANAGER> PETL_24027 [2022-04-04 05:20:47.161] Pre-session task completed successfully. : (Mon Apr 04 05:20:47 2022)
DIRECTOR> PETL_24006 [2022-04-04 05:20:47.161] Starting data movement.
MAPPING> TM_6660 [2022-04-04 05:20:47.161] Total Buffer Pool size is 5606240 bytes and Block size is 198080 bytes.
READER_1_1_1> PETL_24091 [2022-04-04 05:20:47.162] Thread [READER_1_1_1] has the ID [5].
READER_1_1_1> DBG_21438 [2022-04-04 05:20:47.163] Reader: Source is [odbc://dbtype=MySQL;host=remotemysql.com;port=3306;database=wOoJkjpNhU], Type [ODBC], User [wOoJkjpNhU]
READER_1_1_1> BLKR_16051 [2022-04-04 05:20:47.165] Source database connection [Conn_01C0S80B000000000002] code page: [MS Windows Latin 1 (ANSI), superset of Latin1]
READER_1_1_1> CMN_1021 [2022-04-04 05:20:47.165] Database driver event...
CMN_1021 [Driver Manager used is [UnixODBC 2.3.4].]

READER_1_1_1> CMN_1021 [2022-04-04 05:20:48.618] Database driver event...
CMN_1021 [ODBC Event Using array fetches.
ODBC Event Using Single Row Inserts. connect string = [Driver=MySQL ODBC 8.0 Unicode Driver;Server=remotemysql.com;Database=wOoJkjpNhU;Port=3306;USER=wOoJkjpNhU;NO_SSPS=1;stmt=set time_zone = '+00:00';OPTION=3;SSLMODE=DISABLED]. userid = [wOoJkjpNhU]
ODBC Version:	03.52
.
DBMS Name:	MySQL
.
DBMS Version:	8.0.13-4
.
Driver Name:	libmyodbc8w.so
.
Driver Version:	08.00.0012
.
Driver ODBC Version:	03.80
.
MySQL rewrite batch optimization is disabled with maximum bind parameter size set to 2500.]

READER_1_1_1> BLKR_16003 [2022-04-04 05:20:48.618] Initialization completed successfully.
TRANSF_1_1_1> PETL_24091 [2022-04-04 05:20:48.619] Thread [TRANSF_1_1_1] has the ID [6].
WRITER_1_*_1> PETL_24091 [2022-04-04 05:20:48.619] Thread [WRITER_1_*_1] has the ID [7].
WRITER_1_*_1> WRT_8147 [2022-04-04 05:20:48.620] Writer: Target is Database [odbc://dbtype=MySQL;host=remotemysql.com;port=3306;database=wOoJkjpNhU], Type [ODBC], User [wOoJkjpNhU], Bulk Mode [OFF]
WRITER_1_*_1> CMN_1021 [2022-04-04 05:20:48.620] Database driver event...
CMN_1021 [Driver Manager used is [UnixODBC 2.3.4].]

WRITER_1_*_1> CMN_1021 [2022-04-04 05:20:50.020] Database driver event...
CMN_1021 [ODBC Event Using array fetches.
ODBC Event Using Single Row Inserts. connect string = [Driver=MySQL ODBC 8.0 Unicode Driver;Server=remotemysql.com;Database=wOoJkjpNhU;Port=3306;USER=wOoJkjpNhU;NO_SSPS=1;stmt=set time_zone = '+00:00';OPTION=3;SSLMODE=DISABLED]. userid = [wOoJkjpNhU]
ODBC Version:	03.52
.
DBMS Name:	MySQL
.
DBMS Version:	8.0.13-4
.
Driver Name:	libmyodbc8w.so
.
Driver Version:	08.00.0012
.
Driver ODBC Version:	03.80
.
MySQL rewrite batch optimization is disabled with maximum bind parameter size set to 2500.]

WRITER_1_*_1> WRT_8221 [2022-04-04 05:20:50.330] Target database connection [Conn_01C0S80B000000000002] code page: [MS Windows Latin 1 (ANSI), superset of Latin1]
WRITER_1_*_1> WRT_8124 [2022-04-04 05:20:50.331] Target Table Max_Car_Prices :SQL INSERT statement:
INSERT INTO wOoJkjpNhU.Max_Car_Prices(Car_ID,Car_Name,Car_Price)  VALUES ( ?, ?, ?) 
WRITER_1_*_1> WRT_8020 [2022-04-04 05:20:50.331] No column marked as primary key for table [Max_Car_Prices]. UPDATEs Not Supported.
WRITER_1_*_1> WRT_8147 [2022-04-04 05:20:50.332] Writer: Target is Database [odbc://dbtype=MySQL;host=remotemysql.com;port=3306;database=wOoJkjpNhU], Type [ODBC], User [wOoJkjpNhU], Bulk Mode [OFF]
WRITER_1_*_1> WRT_8124 [2022-04-04 05:20:50.332] Target Table Min_Car_Prices :SQL INSERT statement:
INSERT INTO wOoJkjpNhU.Min_Car_Prices(Car_ID,Car_Name,Car_Price)  VALUES ( ?, ?, ?) 
WRITER_1_*_1> WRT_8020 [2022-04-04 05:20:50.332] No column marked as primary key for table [Min_Car_Prices]. UPDATEs Not Supported.
WRITER_1_*_1> WRT_8270 [2022-04-04 05:20:50.332] Target connection group #1 consists of target(s) [Max_Car_Prices, Min_Car_Prices]
WRITER_1_*_1> WRT_8003 [2022-04-04 05:20:50.332] Writer initialization complete.
READER_1_1_1> BLKR_16007 [2022-04-04 05:20:50.333] Reader run started.
READER_1_1_1> RR_4010 [2022-04-04 05:20:50.333] SQ instance [Source] SQL Query [SELECT wOoJkjpNhU.Cars.Car_ID, wOoJkjpNhU.Cars.Car_Name, wOoJkjpNhU.Cars.Car_Country, wOoJkjpNhU.Cars.Car_Price FROM wOoJkjpNhU.Cars]
READER_1_1_1> RR_4049 [2022-04-04 05:20:50.333] SQL Query issued to database : (Mon Apr 04 05:20:50 2022)
WRITER_1_*_1> WRT_8005 [2022-04-04 05:20:50.333] Writer run started.
WRITER_1_*_1> WRT_8158 [2022-04-04 05:20:50.333] 

*****START LOAD SESSION*****

Load Start Time: Mon Apr 04 05:20:49 2022

Target tables:

     Max_Car_Prices
     Min_Car_Prices


READER_1_1_1> RR_4050 [2022-04-04 05:20:50.493] First row returned from database to reader : (Mon Apr 04 05:20:50 2022)
READER_1_1_1> BLKR_16019 [2022-04-04 05:20:50.493] Read [100] rows, read [0] error rows for source table [Cars] instance name [Cars]
READER_1_1_1> BLKR_16008 [2022-04-04 05:20:50.493] Reader run completed.
TRANSF_1_1_1> TE_7032 [2022-04-04 05:20:50.503] The B-Tree being managed in files
/data2/home/cldagnt/SystemAgent/apps/Data_Integration_Server/data/01C0S80E00000000005P/01C0S8/cache/PMAGG736311434_5_0.dat for Data and

/data2/home/cldagnt/SystemAgent/apps/Data_Integration_Server/data/01C0S80E00000000005P/01C0S8/cache/PMAGG736311434_5_0.idx for Index has:
	Index Size:	515
	Row Size:	232
	Order:		100
	Minimum Order:	50
	Height:		1
	Entries:	20
	IndexPageSize:	52736
	IndexPages:	68
	DataPageSize:	704
	DataPages:	2979

WRITER_1_*_1> WRT_8167 [2022-04-04 05:20:50.503] Start loading table [Max_Car_Prices] at: Mon Apr 04 05:20:49 2022
TRANSF_1_1_1> TE_7032 [2022-04-04 05:20:50.503] The B-Tree being managed in files
/data2/home/cldagnt/SystemAgent/apps/Data_Integration_Server/data/01C0S80E00000000005P/01C0S8/cache/PMAGG736311434_6_0.dat for Data and

/data2/home/cldagnt/SystemAgent/apps/Data_Integration_Server/data/01C0S80E00000000005P/01C0S8/cache/PMAGG736311434_6_0.idx for Index has:
	Index Size:	515
	Row Size:	232
	Order:		100
	Minimum Order:	50
	Height:		1
	Entries:	20
	IndexPageSize:	52736
	IndexPages:	68
	DataPageSize:	704
	DataPages:	2979

TRANSF_1_1_1> DBG_21216 [2022-04-04 05:20:50.503] Finished transformations for Source Qualifier [Source]. Total errors [0] 
WRITER_1_*_1> WRT_8167 [2022-04-04 05:20:53.610] Start loading table [Min_Car_Prices] at: Mon Apr 04 05:20:52 2022
WRITER_1_*_1> WRT_8168 [2022-04-04 05:20:56.717] End loading table [Max_Car_Prices] at: Mon Apr 04 05:20:55 2022
WRITER_1_*_1> WRT_8141 [2022-04-04 05:20:56.875] 
Commit on end-of-data  Mon Apr 04 05:20:56 2022
===================================================

WRT_8036 Target: Max_Car_Prices (Instance Name: [Max_Car_Prices])
WRT_8038 Inserted rows - Requested: 20         Applied: 20         Rejected: 0          Affected: 20        

WRT_8036 Target: Min_Car_Prices (Instance Name: [Min_Car_Prices])
WRT_8038 Inserted rows - Requested: 20         Applied: 20         Rejected: 0          Affected: 20        

WRITER_1_*_1> WRT_8168 [2022-04-04 05:20:56.875] End loading table [Min_Car_Prices] at: Mon Apr 04 05:20:56 2022
WRITER_1_*_1> WRT_8035 [2022-04-04 05:20:56.875] Load complete time: Mon Apr 04 05:20:56 2022

LOAD SUMMARY
============

WRT_8036 Target: Max_Car_Prices (Instance Name: [Max_Car_Prices])
WRT_8038 Inserted rows - Requested: 20         Applied: 20         Rejected: 0          Affected: 20        

WRT_8036 Target: Min_Car_Prices (Instance Name: [Min_Car_Prices])
WRT_8038 Inserted rows - Requested: 20         Applied: 20         Rejected: 0          Affected: 20        


WRITER_1_*_1> WRT_8043 [2022-04-04 05:20:56.875] *****END LOAD SESSION*****
WRITER_1_*_1> WRT_8006 [2022-04-04 05:20:57.036] Writer run completed.
MANAGER> PETL_24031 [2022-04-04 05:20:57.037] 
***** RUN INFO FOR TGT LOAD ORDER GROUP [1], CONCURRENT SET [1] *****
Thread [READER_1_1_1] created for [the read stage] of partition point [Source] has completed. The total run time was insufficient for any meaningful statistics.
Thread [TRANSF_1_1_1] created for [the transformation stage] of partition point [Source] has completed. The total run time was insufficient for any meaningful statistics.
Thread [WRITER_1_*_1] created for [the write stage] of partition point [Max_Car_Prices, Min_Car_Prices] has completed.
	Total Run Time = [6.532893] secs
	Total Idle Time = [0.000000] secs
	Busy Percentage = [100.000000]

MAPPING> CMN_1791 [2022-04-04 05:20:57.037] The index cache size that would hold [20] aggregate groups of input rows for [Aggregator_max], in memory, is [52736] bytes
MAPPING> CMN_1790 [2022-04-04 05:20:57.037] The data cache size that would hold [20] aggregate groups of input rows for [Aggregator_max], in memory, is [4928] bytes
MAPPING> CMN_1791 [2022-04-04 05:20:57.037] The index cache size that would hold [20] aggregate groups of input rows for [Aggregator_min], in memory, is [52736] bytes
MAPPING> CMN_1790 [2022-04-04 05:20:57.037] The data cache size that would hold [20] aggregate groups of input rows for [Aggregator_min], in memory, is [4928] bytes
MANAGER> PETL_24005 [2022-04-04 05:20:57.037] Starting post-session tasks. : (Mon Apr 04 05:20:57 2022)
POST-SESS> PETL_24091 [2022-04-04 05:20:57.038] Thread [POST-SESS] has the ID [8].
MANAGER> PETL_24029 [2022-04-04 05:20:57.038] Post-session task completed successfully. : (Mon Apr 04 05:20:57 2022)
MAPPING> TM_6018 [2022-04-04 05:20:57.038] The session completed with [0] row transformation errors. 
MANAGER> TE_7216 [2022-04-04 05:20:57.039] Deleting cache files [/data2/home/cldagnt/SystemAgent/apps/Data_Integration_Server/data/01C0S80E00000000005P/01C0S8/cache/PMAGG736311434_5_0.idx] for transformation [Aggregator_max].
MANAGER> TE_7216 [2022-04-04 05:20:57.039] Deleting cache files [/data2/home/cldagnt/SystemAgent/apps/Data_Integration_Server/data/01C0S80E00000000005P/01C0S8/cache/PMAGG736311434_5_0.dat] for transformation [Aggregator_max].
MANAGER> TE_7216 [2022-04-04 05:20:57.039] Deleting cache files [/data2/home/cldagnt/SystemAgent/apps/Data_Integration_Server/data/01C0S80E00000000005P/01C0S8/cache/PMAGG736311434_6_0.idx] for transformation [Aggregator_min].
MANAGER> TE_7216 [2022-04-04 05:20:57.039] Deleting cache files [/data2/home/cldagnt/SystemAgent/apps/Data_Integration_Server/data/01C0S80E00000000005P/01C0S8/cache/PMAGG736311434_6_0.dat] for transformation [Aggregator_min].
MANAGER> PETL_24002 [2022-04-04 05:20:57.723] Parallel Pipeline Engine finished.
DIRECTOR> PETL_24012 [2022-04-04 05:20:57.724] Session run completed successfully.
DIRECTOR> TM_6022 [2022-04-04 05:20:57.724] 

SESSION LOAD SUMMARY
================================================

DIRECTOR> TM_6252 [2022-04-04 05:20:57.724] Source Load Summary.
DIRECTOR> CMN_1740 [2022-04-04 05:20:57.724] Table: [Source] (Instance Name: [Source] Instance UI Name: [])
	 Output Rows [100], Affected Rows [100], Applied Rows [100], Rejected Rows [0]
DIRECTOR> TM_6253 [2022-04-04 05:20:57.724] Target Load Summary.
DIRECTOR> CMN_1740 [2022-04-04 05:20:57.724] Table: [Max_Car_Prices] (Instance Name: [Max_Car_Prices] Instance UI Name: [])
	 Output Rows [20], Affected Rows [20], Applied Rows [20], Rejected Rows [0]
DIRECTOR> CMN_1740 [2022-04-04 05:20:57.724] Table: [Min_Car_Prices] (Instance Name: [Min_Car_Prices] Instance UI Name: [])
	 Output Rows [20], Affected Rows [20], Applied Rows [20], Rejected Rows [0]
DIRECTOR> TM_6023 [2022-04-04 05:20:57.724] 
===================================================

DIRECTOR> TM_6020 [2022-04-04 05:20:57.724] Session [s_mtt_01C0S80Z000000000003] completed at [Mon Apr 04 05:20:57 2022].
